<?xml version="1.0" encoding="UTF-8"?>
<testng-results ignored="0" total="0" passed="0" failed="0" skipped="0">
  <reporter-output>
  </reporter-output>
  <suite started-at="2023-01-08T16:16:16 EET" name="Regression" finished-at="2023-01-08T16:16:16 EET" duration-ms="15">
    <groups>
    </groups>
    <test started-at="2023-01-08T16:16:16 EET" name="HomePageTests" finished-at="2023-01-08T16:16:16 EET" duration-ms="15">
    </test> <!-- HomePageTests -->
  </suite> <!-- Regression -->
</testng-results>
